2024-08-04T06:29:54.008785Z 0 [Warning] [MY-010097] [Server] Insecure configuration for --secure-file-priv: Current value does not restrict location of generated files. Consider setting it to a valid, non-empty path.
2024-08-04T06:29:54.008843Z 0 [Warning] [MY-010918] [Server] 'default_authentication_plugin' is deprecated and will be removed in a future release. Please use authentication_policy instead.
2024-08-04T06:29:54.008875Z 0 [System] [MY-010116] [Server] D:\laragon\bin\mysql\mysql-8.0.30-winx64\bin\mysqld (mysqld 8.0.30) starting as process 12588
2024-08-04T06:29:54.049545Z 1 [System] [MY-013576] [InnoDB] InnoDB initialization has started.
2024-08-04T06:29:54.387595Z 1 [System] [MY-013577] [InnoDB] InnoDB initialization has ended.
2024-08-04T06:29:54.820412Z 0 [Warning] [MY-013829] [Server] Missing data directory for ICU regular expressions: D:\laragon\bin\mysql\mysql-8.0.30-winx64\lib\private\.
2024-08-04T06:29:54.826840Z 0 [Warning] [MY-010068] [Server] CA certificate ca.pem is self signed.
2024-08-04T06:29:54.827196Z 0 [System] [MY-013602] [Server] Channel mysql_main configured to support TLS. Encrypted connections are now supported for this channel.
2024-08-04T06:29:54.860469Z 0 [System] [MY-011323] [Server] X Plugin ready for connections. Bind-address: '::' port: 33060
2024-08-04T06:29:54.860591Z 0 [System] [MY-010931] [Server] D:\laragon\bin\mysql\mysql-8.0.30-winx64\bin\mysqld: ready for connections. Version: '8.0.30'  socket: ''  port: 3306  MySQL Community Server - GPL.
2024-08-04T06:30:14.488517Z 8 [System] [MY-013172] [Server] Received SHUTDOWN from user root. Shutting down mysqld (Version: 8.0.30).
2024-08-04T06:30:14.489079Z 0 [System] [MY-013105] [Server] D:\laragon\bin\mysql\mysql-8.0.30-winx64\bin\mysqld: Normal shutdown.
2024-08-04T06:30:15.009006Z 0 [System] [MY-010910] [Server] D:\laragon\bin\mysql\mysql-8.0.30-winx64\bin\mysqld: Shutdown complete (mysqld 8.0.30)  MySQL Community Server - GPL.
2024-08-04T06:33:12.921401Z 0 [Warning] [MY-010097] [Server] Insecure configuration for --secure-file-priv: Current value does not restrict location of generated files. Consider setting it to a valid, non-empty path.
2024-08-04T06:33:12.921454Z 0 [Warning] [MY-010918] [Server] 'default_authentication_plugin' is deprecated and will be removed in a future release. Please use authentication_policy instead.
2024-08-04T06:33:12.921481Z 0 [System] [MY-010116] [Server] D:\laragon\bin\mysql\mysql-8.0.30-winx64\bin\mysqld (mysqld 8.0.30) starting as process 9868
2024-08-04T06:33:12.978121Z 1 [System] [MY-013576] [InnoDB] InnoDB initialization has started.
2024-08-04T06:33:13.350783Z 1 [System] [MY-013577] [InnoDB] InnoDB initialization has ended.
2024-08-04T06:33:13.706512Z 0 [Warning] [MY-013829] [Server] Missing data directory for ICU regular expressions: D:\laragon\bin\mysql\mysql-8.0.30-winx64\lib\private\.
2024-08-04T06:33:13.737862Z 0 [Warning] [MY-010068] [Server] CA certificate ca.pem is self signed.
2024-08-04T06:33:13.738331Z 0 [System] [MY-013602] [Server] Channel mysql_main configured to support TLS. Encrypted connections are now supported for this channel.
2024-08-04T06:33:13.807806Z 0 [System] [MY-011323] [Server] X Plugin ready for connections. Bind-address: '::' port: 33060
2024-08-04T06:33:13.807945Z 0 [System] [MY-010931] [Server] D:\laragon\bin\mysql\mysql-8.0.30-winx64\bin\mysqld: ready for connections. Version: '8.0.30'  socket: ''  port: 3306  MySQL Community Server - GPL.
2024-08-04T06:33:21.452019Z 8 [System] [MY-013172] [Server] Received SHUTDOWN from user root. Shutting down mysqld (Version: 8.0.30).
2024-08-04T06:33:21.452589Z 0 [System] [MY-013105] [Server] D:\laragon\bin\mysql\mysql-8.0.30-winx64\bin\mysqld: Normal shutdown.
2024-08-04T06:33:21.871930Z 0 [System] [MY-010910] [Server] D:\laragon\bin\mysql\mysql-8.0.30-winx64\bin\mysqld: Shutdown complete (mysqld 8.0.30)  MySQL Community Server - GPL.
2024-08-04T06:33:32.584693Z 0 [Warning] [MY-010097] [Server] Insecure configuration for --secure-file-priv: Current value does not restrict location of generated files. Consider setting it to a valid, non-empty path.
2024-08-04T06:33:32.584745Z 0 [Warning] [MY-010918] [Server] 'default_authentication_plugin' is deprecated and will be removed in a future release. Please use authentication_policy instead.
2024-08-04T06:33:32.584771Z 0 [System] [MY-010116] [Server] D:\laragon\bin\mysql\mysql-8.0.30-winx64\bin\mysqld (mysqld 8.0.30) starting as process 14708
2024-08-04T06:33:32.621484Z 1 [System] [MY-013576] [InnoDB] InnoDB initialization has started.
2024-08-04T06:33:32.971350Z 1 [System] [MY-013577] [InnoDB] InnoDB initialization has ended.
2024-08-04T06:33:33.360048Z 0 [Warning] [MY-013829] [Server] Missing data directory for ICU regular expressions: D:\laragon\bin\mysql\mysql-8.0.30-winx64\lib\private\.
2024-08-04T06:33:33.366944Z 0 [Warning] [MY-010068] [Server] CA certificate ca.pem is self signed.
2024-08-04T06:33:33.367275Z 0 [System] [MY-013602] [Server] Channel mysql_main configured to support TLS. Encrypted connections are now supported for this channel.
2024-08-04T06:33:33.410134Z 0 [System] [MY-011323] [Server] X Plugin ready for connections. Bind-address: '::' port: 33060
2024-08-04T06:33:33.410281Z 0 [System] [MY-010931] [Server] D:\laragon\bin\mysql\mysql-8.0.30-winx64\bin\mysqld: ready for connections. Version: '8.0.30'  socket: ''  port: 3306  MySQL Community Server - GPL.
2024-08-04T06:37:24.312808Z 9 [System] [MY-013172] [Server] Received SHUTDOWN from user root. Shutting down mysqld (Version: 8.0.30).
2024-08-04T06:37:24.313383Z 0 [System] [MY-013105] [Server] D:\laragon\bin\mysql\mysql-8.0.30-winx64\bin\mysqld: Normal shutdown.
2024-08-04T06:37:25.166801Z 0 [System] [MY-010910] [Server] D:\laragon\bin\mysql\mysql-8.0.30-winx64\bin\mysqld: Shutdown complete (mysqld 8.0.30)  MySQL Community Server - GPL.
